<!DOCTYPE html>
<html>
<head>
    <title>Unittest Results</title>
    <meta charset="utf-8">
    <meta name="viewport" content="width=device-width, initial-scale=1.0">
    <link rel="stylesheet" href="https://maxcdn.bootstrapcdn.com/bootstrap/3.3.6/css/bootstrap.min.css" integrity="sha384-1q8mTJOASx8j1Au+a5WDVnPi2lkFfwwEAa8hDDdjZlpLegxhjVME1fgjWPGmkzs7" crossorigin="anonymous">
</head>
<body>
    <div class="container">
        <div class="row">
            <div class="col-xs-12">
                <h2 class="text-capitalize">Unittest Results</h2>
                <p class='attribute'><strong>Start Time: </strong>2022-08-29 13:44:12</p>
                <p class='attribute'><strong>Duration: </strong>26.56 s</p>
                <p class='attribute'><strong>Summary: </strong>Total: 2, Pass: 0, Error: 2</p>
            </div>
        </div>
        <div class="row">
            <div class="col-xs-12 col-sm-10 col-md-10">
                <table class='table table-hover table-responsive'>
                    <thead>
                        <tr>
                            <th>test.test_Flow2.Test_Flow2</th>
                            <th>Status</th>
                            <th></th>
                        </tr>
                    </thead>
                    <tbody>
                        <tr class='warning'>
                            <td class="col-xs-10">test_Regression_test_2</td>
                            <td class="col-xs-1">
                                <span class="label label-warning" style="display:block;width:40px;">Error</span>
                            </td>
                            <td class="col-xs-1">
                                <button class="btn btn-default btn-xs">View</button>
                            </td>
                        </tr>
                        <tr style="display:none;">
                            <td class="col-xs-9" colspan="3"><p style="color:maroon;">WebDriverException: Message: chrome not reachable
  (Session info: chrome=104.0.5112.102)
Stacktrace:
Backtrace:
	Ordinal0 [0x01115FD3+2187219]
	Ordinal0 [0x010AE6D1+1763025]
	Ordinal0 [0x00FC3D40+802112]
	Ordinal0 [0x00FB8A12+756242]
	Ordinal0 [0x00FB9248+758344]
	Ordinal0 [0x00FBAB02+764674]
	Ordinal0 [0x00FB4379+738169]
	Ordinal0 [0x00FC51D0+807376]
	Ordinal0 [0x0101C7A2+1165218]
	Ordinal0 [0x0100C9A6+1100198]
	Ordinal0 [0x00FE6F80+946048]
	Ordinal0 [0x00FE7E76+949878]
	GetHandleVerifier [0x013B90C2+2721218]
	GetHandleVerifier [0x013AAAF0+2662384]
	GetHandleVerifier [0x011A137A+526458]
	GetHandleVerifier [0x011A0416+522518]
	Ordinal0 [0x010B4EAB+1789611]
	Ordinal0 [0x010B97A8+1808296]
	Ordinal0 [0x010B9895+1808533]
	Ordinal0 [0x010C26C1+1844929]
	BaseThreadInitThunk [0x75B0FA29+25]
	RtlGetAppContainerNamedObjectPath [0x77497A9E+286]
	RtlGetAppContainerNamedObjectPath [0x77497A6E+238]
</p><p style="color:maroon;">Traceback (most recent call last):
  File "C:\Users\Alan Sanchez\Desktop\FLow1_Automation\test\test_Flow2.py", line 31, in test_Regression_test_2
    searchAddress.searchByAddress('1500 Solana Blvd Ste 6300 Bldg 6', 'Roanoke', 'Texas')
  File "C:\Users\Alan Sanchez\Desktop\FLow1_Automation\src\PageObject\Pages\SearchByLocation.py", line 67, in searchByAddress
    self.get_element_searchByAddress_btn().click()
  File "C:\Users\Alan Sanchez\Desktop\FLow1_Automation\src\PageObject\Pages\SearchByLocation.py", line 33, in get_element_searchByAddress_btn
    return self.driver.find_element(By.XPATH, self.searchByAddressBtn)
  File "C:\Python310\lib\site-packages\selenium\webdriver\remote\webdriver.py", line 857, in find_element
    return self.execute(Command.FIND_ELEMENT, {
  File "C:\Python310\lib\site-packages\selenium\webdriver\remote\webdriver.py", line 435, in execute
    self.error_handler.check_response(response)
  File "C:\Python310\lib\site-packages\selenium\webdriver\remote\errorhandler.py", line 247, in check_response
    raise exception_class(message, screen, stacktrace)
selenium.common.exceptions.WebDriverException: Message: chrome not reachable
  (Session info: chrome=104.0.5112.102)
Stacktrace:
Backtrace:
	Ordinal0 [0x01115FD3+2187219]
	Ordinal0 [0x010AE6D1+1763025]
	Ordinal0 [0x00FC3D40+802112]
	Ordinal0 [0x00FB8A12+756242]
	Ordinal0 [0x00FB9248+758344]
	Ordinal0 [0x00FBAB02+764674]
	Ordinal0 [0x00FB4379+738169]
	Ordinal0 [0x00FC51D0+807376]
	Ordinal0 [0x0101C7A2+1165218]
	Ordinal0 [0x0100C9A6+1100198]
	Ordinal0 [0x00FE6F80+946048]
	Ordinal0 [0x00FE7E76+949878]
	GetHandleVerifier [0x013B90C2+2721218]
	GetHandleVerifier [0x013AAAF0+2662384]
	GetHandleVerifier [0x011A137A+526458]
	GetHandleVerifier [0x011A0416+522518]
	Ordinal0 [0x010B4EAB+1789611]
	Ordinal0 [0x010B97A8+1808296]
	Ordinal0 [0x010B9895+1808533]
	Ordinal0 [0x010C26C1+1844929]
	BaseThreadInitThunk [0x75B0FA29+25]
	RtlGetAppContainerNamedObjectPath [0x77497A9E+286]
	RtlGetAppContainerNamedObjectPath [0x77497A6E+238]

</p>
                            </td>
                        </tr>
                        <tr class='warning'>
                            <td class="col-xs-10">test_Regression_test_2</td>
                            <td class="col-xs-1">
                                <span class="label label-warning" style="display:block;width:40px;">Error</span>
                            </td>
                            <td class="col-xs-1">
                                <button class="btn btn-default btn-xs">View</button>
                            </td>
                        </tr>
                        <tr style="display:none;">
                            <td class="col-xs-9" colspan="3"><p style="color:maroon;">WebDriverException: Message: chrome not reachable
  (Session info: chrome=104.0.5112.102)
Stacktrace:
Backtrace:
	Ordinal0 [0x01115FD3+2187219]
	Ordinal0 [0x010AE6D1+1763025]
	Ordinal0 [0x00FC3D40+802112]
	Ordinal0 [0x00FB8A12+756242]
	Ordinal0 [0x00FAC2F0+705264]
	Ordinal0 [0x01013000+1126400]
	Ordinal0 [0x0100CB53+1100627]
	Ordinal0 [0x00FE6F80+946048]
	Ordinal0 [0x00FE7E76+949878]
	GetHandleVerifier [0x013B90C2+2721218]
	GetHandleVerifier [0x013AAAF0+2662384]
	GetHandleVerifier [0x011A137A+526458]
	GetHandleVerifier [0x011A0416+522518]
	Ordinal0 [0x010B4EAB+1789611]
	Ordinal0 [0x010B97A8+1808296]
	Ordinal0 [0x010B9895+1808533]
	Ordinal0 [0x010C26C1+1844929]
	BaseThreadInitThunk [0x75B0FA29+25]
	RtlGetAppContainerNamedObjectPath [0x77497A9E+286]
	RtlGetAppContainerNamedObjectPath [0x77497A6E+238]
</p><p style="color:maroon;">Traceback (most recent call last):
  File "C:\Users\Alan Sanchez\Desktop\FLow1_Automation\src\TestBase\WebDriverSetup.py", line 12, in tearDown
    self.driver.close()
  File "C:\Python310\lib\site-packages\selenium\webdriver\remote\webdriver.py", line 552, in close
    self.execute(Command.CLOSE)
  File "C:\Python310\lib\site-packages\selenium\webdriver\remote\webdriver.py", line 435, in execute
    self.error_handler.check_response(response)
  File "C:\Python310\lib\site-packages\selenium\webdriver\remote\errorhandler.py", line 247, in check_response
    raise exception_class(message, screen, stacktrace)
selenium.common.exceptions.WebDriverException: Message: chrome not reachable
  (Session info: chrome=104.0.5112.102)
Stacktrace:
Backtrace:
	Ordinal0 [0x01115FD3+2187219]
	Ordinal0 [0x010AE6D1+1763025]
	Ordinal0 [0x00FC3D40+802112]
	Ordinal0 [0x00FB8A12+756242]
	Ordinal0 [0x00FAC2F0+705264]
	Ordinal0 [0x01013000+1126400]
	Ordinal0 [0x0100CB53+1100627]
	Ordinal0 [0x00FE6F80+946048]
	Ordinal0 [0x00FE7E76+949878]
	GetHandleVerifier [0x013B90C2+2721218]
	GetHandleVerifier [0x013AAAF0+2662384]
	GetHandleVerifier [0x011A137A+526458]
	GetHandleVerifier [0x011A0416+522518]
	Ordinal0 [0x010B4EAB+1789611]
	Ordinal0 [0x010B97A8+1808296]
	Ordinal0 [0x010B9895+1808533]
	Ordinal0 [0x010C26C1+1844929]
	BaseThreadInitThunk [0x75B0FA29+25]
	RtlGetAppContainerNamedObjectPath [0x77497A9E+286]
	RtlGetAppContainerNamedObjectPath [0x77497A6E+238]

</p>
                            </td>
                        </tr>
                        <tr>
                            <td colspan="3">
                                Total: 2, Pass: 0, Error: 2 -- Duration: 26.56 s
                            </td>
                        </tr>
                    </tbody>
                </table>
            </div>
        </div>
    </div>
    <script src="https://ajax.googleapis.com/ajax/libs/jquery/2.2.4/jquery.min.js"></script>
    <script type="text/javascript">
        $(document).ready(function(){
            $('td').on('click', '.btn', function(e){
                e.preventDefault();
                e.stopImmediatePropagation();
                var $this = $(this);
                var $nextRow = $this.closest('tr').next('tr');
                $nextRow.slideToggle("fast");
                $this.text(function(i, text){
                    if (text === 'View') {
                        return 'Hide';
                    } else {
                        return 'View';
                    };
                });
            });
        });
    </script>
</body>
</html